0 info it worked if it ends with ok
1 verbose cli [ '/usr/bin/node', '/usr/bin/npm', 'install', 'underscore' ]
2 info using npm@1.4.28
3 info using node@v0.10.38
4 verbose node symlink /usr/bin/node
5 warn package.json parkingSpotLocator@0.0.1 No repository field.
6 verbose readDependencies using package.json deps
7 verbose cache add [ 'underscore', null ]
8 verbose cache add name=undefined spec="underscore" args=["underscore",null]
9 verbose parsed url { protocol: null,
9 verbose parsed url   slashes: null,
9 verbose parsed url   auth: null,
9 verbose parsed url   host: null,
9 verbose parsed url   port: null,
9 verbose parsed url   hostname: null,
9 verbose parsed url   hash: null,
9 verbose parsed url   search: null,
9 verbose parsed url   query: null,
9 verbose parsed url   pathname: 'underscore',
9 verbose parsed url   path: 'underscore',
9 verbose parsed url   href: 'underscore' }
10 silly lockFile 64bc6893-underscore underscore
11 verbose lock underscore /home/kiki/.npm/64bc6893-underscore.lock
12 silly lockFile 64bc6893-underscore underscore
13 silly lockFile 64bc6893-underscore underscore
14 verbose addNamed [ 'underscore', '' ]
15 verbose addNamed [ null, '*' ]
16 silly lockFile 7629b758-underscore underscore@
17 verbose lock underscore@ /home/kiki/.npm/7629b758-underscore.lock
18 silly addNameRange { name: 'underscore', range: '*', hasData: false }
19 verbose request where is /underscore
20 verbose request registry https://registry.npmjs.org/
21 verbose request id c9ea0d8e9e2617b5
22 verbose url raw /underscore
23 verbose url resolving [ 'https://registry.npmjs.org/', './underscore' ]
24 verbose url resolved https://registry.npmjs.org/underscore
25 verbose request where is https://registry.npmjs.org/underscore
26 info trying registry request attempt 1 at 11:43:10
27 verbose etag "5KBVQ0CE8WTH6QFBTT14W7KDG"
28 http GET https://registry.npmjs.org/underscore
29 http 304 https://registry.npmjs.org/underscore
30 silly registry.get cb [ 304,
30 silly registry.get   { date: 'Wed, 03 Jun 2015 18:43:11 GMT',
30 silly registry.get     via: '1.1 varnish',
30 silly registry.get     'cache-control': 'max-age=60',
30 silly registry.get     etag: '"5KBVQ0CE8WTH6QFBTT14W7KDG"',
30 silly registry.get     age: '23',
30 silly registry.get     connection: 'keep-alive',
30 silly registry.get     'x-served-by': 'cache-atl6231-ATL',
30 silly registry.get     'x-cache': 'HIT',
30 silly registry.get     'x-cache-hits': '2',
30 silly registry.get     'x-timer': 'S1433356991.265304,VS0,VE0',
30 silly registry.get     vary: 'Accept' } ]
31 verbose etag https://registry.npmjs.org/underscore from cache
32 silly addNameRange number 2 { name: 'underscore', range: '*', hasData: true }
33 silly addNameRange versions [ 'underscore',
33 silly addNameRange   [ '1.0.3',
33 silly addNameRange     '1.0.4',
33 silly addNameRange     '1.1.0',
33 silly addNameRange     '1.1.1',
33 silly addNameRange     '1.1.2',
33 silly addNameRange     '1.1.3',
33 silly addNameRange     '1.1.4',
33 silly addNameRange     '1.1.5',
33 silly addNameRange     '1.1.6',
33 silly addNameRange     '1.1.7',
33 silly addNameRange     '1.2.0',
33 silly addNameRange     '1.2.1',
33 silly addNameRange     '1.2.2',
33 silly addNameRange     '1.2.3',
33 silly addNameRange     '1.2.4',
33 silly addNameRange     '1.3.0',
33 silly addNameRange     '1.3.1',
33 silly addNameRange     '1.3.2',
33 silly addNameRange     '1.3.3',
33 silly addNameRange     '1.4.0',
33 silly addNameRange     '1.4.1',
33 silly addNameRange     '1.4.2',
33 silly addNameRange     '1.4.3',
33 silly addNameRange     '1.4.4',
33 silly addNameRange     '1.5.0',
33 silly addNameRange     '1.5.1',
33 silly addNameRange     '1.5.2',
33 silly addNameRange     '1.6.0',
33 silly addNameRange     '1.7.0',
33 silly addNameRange     '1.8.0',
33 silly addNameRange     '1.8.1',
33 silly addNameRange     '1.8.2',
33 silly addNameRange     '1.8.3' ] ]
34 verbose addNamed [ 'underscore', '1.8.3' ]
35 verbose addNamed [ '1.8.3', '1.8.3' ]
36 silly lockFile e5e32fca-underscore-1-8-3 underscore@1.8.3
37 verbose lock underscore@1.8.3 /home/kiki/.npm/e5e32fca-underscore-1-8-3.lock
38 silly lockFile d5ea30aa--underscore-underscore-1-8-3-tgz https://registry.npmjs.org/underscore/-/underscore-1.8.3.tgz
39 verbose lock https://registry.npmjs.org/underscore/-/underscore-1.8.3.tgz /home/kiki/.npm/d5ea30aa--underscore-underscore-1-8-3-tgz.lock
40 verbose addRemoteTarball [ 'https://registry.npmjs.org/underscore/-/underscore-1.8.3.tgz',
40 verbose addRemoteTarball   '4f3fb53b106e6097fcf9cb4109f2a5e9bdfa5022' ]
41 info retry fetch attempt 1 at 11:43:11
42 verbose fetch to= /tmp/npm-7224-hDzndQ3t/registry.npmjs.org/underscore/-/underscore-1.8.3.tgz
43 http GET https://registry.npmjs.org/underscore/-/underscore-1.8.3.tgz
44 http 200 https://registry.npmjs.org/underscore/-/underscore-1.8.3.tgz
45 silly lockFile d5ea30aa--underscore-underscore-1-8-3-tgz https://registry.npmjs.org/underscore/-/underscore-1.8.3.tgz
46 silly lockFile d5ea30aa--underscore-underscore-1-8-3-tgz https://registry.npmjs.org/underscore/-/underscore-1.8.3.tgz
47 silly lockFile e5e32fca-underscore-1-8-3 underscore@1.8.3
48 silly lockFile e5e32fca-underscore-1-8-3 underscore@1.8.3
49 silly lockFile 7629b758-underscore underscore@
50 silly lockFile 7629b758-underscore underscore@
51 error Error: EACCES, mkdir '/home/kiki/.npm/underscore/1.8.3'
51 error  { [Error: EACCES, mkdir '/home/kiki/.npm/underscore/1.8.3']
51 error   errno: 3,
51 error   code: 'EACCES',
51 error   path: '/home/kiki/.npm/underscore/1.8.3',
51 error   parent: 'parkingSpotLocator' }
52 error Please try running this command again as root/Administrator.
53 error System Linux 3.13.0-51-generic
54 error command "/usr/bin/node" "/usr/bin/npm" "install" "underscore"
55 error cwd /home/kiki/Documents/landscape/parkingSpots
56 error node -v v0.10.38
57 error npm -v 1.4.28
58 error path /home/kiki/.npm/underscore/1.8.3
59 error code EACCES
60 error errno 3
61 error stack Error: EACCES, mkdir '/home/kiki/.npm/underscore/1.8.3'
62 verbose exit [ 3, true ]
